<?xml version="1.0" encoding="UTF-8"?>
<!DOCTYPE coverage SYSTEM "http://cobertura.sourceforge.net/xml/coverage-04.dtd">
<coverage line-rate="0.8641115" branch-rate="0" version="" timestamp="1538495556795" lines-covered="248" lines-valid="287" branches-covered="0" branches-valid="0" complexity="0">
	<sources>
		<source>/usr/local/go/src</source>
		<source>/home/kevin/go/src</source>
	</sources>
	<packages>
		<package name="github.com/getwagz/drs-sdk" line-rate="0.8641115" branch-rate="0" complexity="0">
			<classes>
				<class name="APIError" filename="github.com/getwagz/drs-sdk/client.go" line-rate="1" branch-rate="0" complexity="0">
					<methods>
						<method name="Error" signature="" line-rate="1" branch-rate="0" complexity="0">
							<lines>
								<line number="31" hits="1"></line>
								<line number="32" hits="1"></line>
								<line number="33" hits="1"></line>
							</lines>
						</method>
					</methods>
					<lines>
						<line number="31" hits="1"></line>
						<line number="32" hits="1"></line>
						<line number="33" hits="1"></line>
					</lines>
				</class>
				<class name="-" filename="github.com/getwagz/drs-sdk/client.go" line-rate="0.85714287" branch-rate="0" complexity="0">
					<methods>
						<method name="makeCall" signature="" line-rate="0.85714287" branch-rate="0" complexity="0">
							<lines>
								<line number="39" hits="1"></line>
								<line number="40" hits="1"></line>
								<line number="41" hits="1"></line>
								<line number="42" hits="1"></line>
								<line number="43" hits="1"></line>
								<line number="44" hits="1"></line>
								<line number="46" hits="1"></line>
								<line number="47" hits="1"></line>
								<line number="48" hits="1"></line>
								<line number="49" hits="1"></line>
								<line number="50" hits="1"></line>
								<line number="51" hits="1"></line>
								<line number="52" hits="1"></line>
								<line number="53" hits="1"></line>
								<line number="54" hits="1"></line>
								<line number="57" hits="1"></line>
								<line number="58" hits="1"></line>
								<line number="59" hits="1"></line>
								<line number="60" hits="1"></line>
								<line number="61" hits="1"></line>
								<line number="63" hits="1"></line>
								<line number="64" hits="1"></line>
								<line number="65" hits="1"></line>
								<line number="66" hits="1"></line>
								<line number="67" hits="1"></line>
								<line number="68" hits="1"></line>
								<line number="70" hits="1"></line>
								<line number="71" hits="1"></line>
								<line number="72" hits="1"></line>
								<line number="73" hits="1"></line>
								<line number="74" hits="1"></line>
								<line number="75" hits="1"></line>
								<line number="76" hits="1"></line>
								<line number="77" hits="1"></line>
								<line number="78" hits="1"></line>
								<line number="79" hits="1"></line>
								<line number="82" hits="1"></line>
								<line number="83" hits="1"></line>
								<line number="84" hits="1"></line>
								<line number="85" hits="1"></line>
								<line number="86" hits="1"></line>
								<line number="87" hits="1"></line>
								<line number="88" hits="1"></line>
								<line number="89" hits="1"></line>
								<line number="90" hits="1"></line>
								<line number="93" hits="0"></line>
								<line number="94" hits="0"></line>
								<line number="95" hits="0"></line>
								<line number="96" hits="0"></line>
								<line number="97" hits="0"></line>
								<line number="98" hits="0"></line>
								<line number="100" hits="1"></line>
								<line number="101" hits="1"></line>
								<line number="102" hits="1"></line>
								<line number="103" hits="1"></line>
								<line number="104" hits="1"></line>
								<line number="105" hits="1"></line>
								<line number="106" hits="1"></line>
								<line number="107" hits="1"></line>
								<line number="108" hits="1"></line>
								<line number="110" hits="0"></line>
								<line number="111" hits="0"></line>
								<line number="112" hits="0"></line>
							</lines>
						</method>
					</methods>
					<lines>
						<line number="39" hits="1"></line>
						<line number="40" hits="1"></line>
						<line number="41" hits="1"></line>
						<line number="42" hits="1"></line>
						<line number="43" hits="1"></line>
						<line number="44" hits="1"></line>
						<line number="46" hits="1"></line>
						<line number="47" hits="1"></line>
						<line number="48" hits="1"></line>
						<line number="49" hits="1"></line>
						<line number="50" hits="1"></line>
						<line number="51" hits="1"></line>
						<line number="52" hits="1"></line>
						<line number="53" hits="1"></line>
						<line number="54" hits="1"></line>
						<line number="57" hits="1"></line>
						<line number="58" hits="1"></line>
						<line number="59" hits="1"></line>
						<line number="60" hits="1"></line>
						<line number="61" hits="1"></line>
						<line number="63" hits="1"></line>
						<line number="64" hits="1"></line>
						<line number="65" hits="1"></line>
						<line number="66" hits="1"></line>
						<line number="67" hits="1"></line>
						<line number="68" hits="1"></line>
						<line number="70" hits="1"></line>
						<line number="71" hits="1"></line>
						<line number="72" hits="1"></line>
						<line number="73" hits="1"></line>
						<line number="74" hits="1"></line>
						<line number="75" hits="1"></line>
						<line number="76" hits="1"></line>
						<line number="77" hits="1"></line>
						<line number="78" hits="1"></line>
						<line number="79" hits="1"></line>
						<line number="82" hits="1"></line>
						<line number="83" hits="1"></line>
						<line number="84" hits="1"></line>
						<line number="85" hits="1"></line>
						<line number="86" hits="1"></line>
						<line number="87" hits="1"></line>
						<line number="88" hits="1"></line>
						<line number="89" hits="1"></line>
						<line number="90" hits="1"></line>
						<line number="93" hits="0"></line>
						<line number="94" hits="0"></line>
						<line number="95" hits="0"></line>
						<line number="96" hits="0"></line>
						<line number="97" hits="0"></line>
						<line number="98" hits="0"></line>
						<line number="100" hits="1"></line>
						<line number="101" hits="1"></line>
						<line number="102" hits="1"></line>
						<line number="103" hits="1"></line>
						<line number="104" hits="1"></line>
						<line number="105" hits="1"></line>
						<line number="106" hits="1"></line>
						<line number="107" hits="1"></line>
						<line number="108" hits="1"></line>
						<line number="110" hits="0"></line>
						<line number="111" hits="0"></line>
						<line number="112" hits="0"></line>
					</lines>
				</class>
				<class name="-" filename="github.com/getwagz/drs-sdk/config.go" line-rate="1" branch-rate="0" complexity="0">
					<methods>
						<method name="ConfigSetup" signature="" line-rate="1" branch-rate="0" complexity="0">
							<lines>
								<line number="21" hits="1"></line>
								<line number="22" hits="1"></line>
								<line number="23" hits="1"></line>
								<line number="24" hits="1"></line>
								<line number="25" hits="1"></line>
								<line number="26" hits="1"></line>
								<line number="27" hits="1"></line>
								<line number="28" hits="1"></line>
								<line number="29" hits="1"></line>
								<line number="31" hits="1"></line>
								<line number="32" hits="1"></line>
								<line number="33" hits="1"></line>
								<line number="34" hits="1"></line>
								<line number="35" hits="1"></line>
								<line number="36" hits="1"></line>
								<line number="37" hits="1"></line>
								<line number="38" hits="1"></line>
								<line number="40" hits="1"></line>
								<line number="41" hits="1"></line>
								<line number="42" hits="1"></line>
							</lines>
						</method>
						<method name="init" signature="" line-rate="1" branch-rate="0" complexity="0">
							<lines>
								<line number="47" hits="1"></line>
								<line number="48" hits="1"></line>
								<line number="49" hits="1"></line>
								<line number="50" hits="1"></line>
							</lines>
						</method>
						<method name="log" signature="" line-rate="1" branch-rate="0" complexity="0">
							<lines>
								<line number="53" hits="1"></line>
								<line number="54" hits="1"></line>
								<line number="55" hits="1"></line>
								<line number="56" hits="1"></line>
								<line number="57" hits="1"></line>
								<line number="58" hits="1"></line>
								<line number="59" hits="1"></line>
								<line number="60" hits="1"></line>
								<line number="61" hits="1"></line>
								<line number="62" hits="1"></line>
								<line number="63" hits="1"></line>
								<line number="64" hits="1"></line>
								<line number="65" hits="1"></line>
								<line number="66" hits="1"></line>
								<line number="67" hits="1"></line>
								<line number="68" hits="1"></line>
								<line number="70" hits="1"></line>
								<line number="72" hits="1"></line>
							</lines>
						</method>
					</methods>
					<lines>
						<line number="21" hits="1"></line>
						<line number="22" hits="1"></line>
						<line number="23" hits="1"></line>
						<line number="24" hits="1"></line>
						<line number="25" hits="1"></line>
						<line number="26" hits="1"></line>
						<line number="27" hits="1"></line>
						<line number="28" hits="1"></line>
						<line number="29" hits="1"></line>
						<line number="31" hits="1"></line>
						<line number="32" hits="1"></line>
						<line number="33" hits="1"></line>
						<line number="34" hits="1"></line>
						<line number="35" hits="1"></line>
						<line number="36" hits="1"></line>
						<line number="37" hits="1"></line>
						<line number="38" hits="1"></line>
						<line number="40" hits="1"></line>
						<line number="41" hits="1"></line>
						<line number="42" hits="1"></line>
						<line number="47" hits="1"></line>
						<line number="48" hits="1"></line>
						<line number="49" hits="1"></line>
						<line number="50" hits="1"></line>
						<line number="53" hits="1"></line>
						<line number="54" hits="1"></line>
						<line number="55" hits="1"></line>
						<line number="56" hits="1"></line>
						<line number="57" hits="1"></line>
						<line number="58" hits="1"></line>
						<line number="59" hits="1"></line>
						<line number="60" hits="1"></line>
						<line number="61" hits="1"></line>
						<line number="62" hits="1"></line>
						<line number="63" hits="1"></line>
						<line number="64" hits="1"></line>
						<line number="65" hits="1"></line>
						<line number="66" hits="1"></line>
						<line number="67" hits="1"></line>
						<line number="68" hits="1"></line>
						<line number="70" hits="1"></line>
						<line number="72" hits="1"></line>
					</lines>
				</class>
				<class name="-" filename="github.com/getwagz/drs-sdk/deregister.go" line-rate="1" branch-rate="0" complexity="0">
					<methods>
						<method name="DeregisterDevice" signature="" line-rate="1" branch-rate="0" complexity="0">
							<lines>
								<line number="7" hits="1"></line>
								<line number="8" hits="1"></line>
								<line number="9" hits="1"></line>
								<line number="10" hits="1"></line>
								<line number="11" hits="1"></line>
								<line number="12" hits="1"></line>
								<line number="13" hits="1"></line>
								<line number="14" hits="1"></line>
								<line number="15" hits="1"></line>
								<line number="17" hits="1"></line>
								<line number="18" hits="1"></line>
								<line number="19" hits="1"></line>
								<line number="20" hits="1"></line>
								<line number="22" hits="1"></line>
							</lines>
						</method>
					</methods>
					<lines>
						<line number="7" hits="1"></line>
						<line number="8" hits="1"></line>
						<line number="9" hits="1"></line>
						<line number="10" hits="1"></line>
						<line number="11" hits="1"></line>
						<line number="12" hits="1"></line>
						<line number="13" hits="1"></line>
						<line number="14" hits="1"></line>
						<line number="15" hits="1"></line>
						<line number="17" hits="1"></line>
						<line number="18" hits="1"></line>
						<line number="19" hits="1"></line>
						<line number="20" hits="1"></line>
						<line number="22" hits="1"></line>
					</lines>
				</class>
				<class name="-" filename="github.com/getwagz/drs-sdk/deviceStatus.go" line-rate="0.8965517" branch-rate="0" complexity="0">
					<methods>
						<method name="UpdateDeviceStatus" signature="" line-rate="0.8965517" branch-rate="0" complexity="0">
							<lines>
								<line number="13" hits="1"></line>
								<line number="14" hits="1"></line>
								<line number="15" hits="1"></line>
								<line number="16" hits="1"></line>
								<line number="17" hits="1"></line>
								<line number="18" hits="1"></line>
								<line number="19" hits="1"></line>
								<line number="20" hits="1"></line>
								<line number="21" hits="1"></line>
								<line number="23" hits="1"></line>
								<line number="24" hits="1"></line>
								<line number="25" hits="1"></line>
								<line number="26" hits="1"></line>
								<line number="27" hits="1"></line>
								<line number="28" hits="1"></line>
								<line number="29" hits="1"></line>
								<line number="30" hits="1"></line>
								<line number="31" hits="1"></line>
								<line number="32" hits="1"></line>
								<line number="33" hits="1"></line>
								<line number="34" hits="1"></line>
								<line number="35" hits="1"></line>
								<line number="38" hits="1"></line>
								<line number="39" hits="1"></line>
								<line number="40" hits="1"></line>
								<line number="41" hits="0"></line>
								<line number="42" hits="0"></line>
								<line number="43" hits="0"></line>
								<line number="45" hits="1"></line>
							</lines>
						</method>
					</methods>
					<lines>
						<line number="13" hits="1"></line>
						<line number="14" hits="1"></line>
						<line number="15" hits="1"></line>
						<line number="16" hits="1"></line>
						<line number="17" hits="1"></line>
						<line number="18" hits="1"></line>
						<line number="19" hits="1"></line>
						<line number="20" hits="1"></line>
						<line number="21" hits="1"></line>
						<line number="23" hits="1"></line>
						<line number="24" hits="1"></line>
						<line number="25" hits="1"></line>
						<line number="26" hits="1"></line>
						<line number="27" hits="1"></line>
						<line number="28" hits="1"></line>
						<line number="29" hits="1"></line>
						<line number="30" hits="1"></line>
						<line number="31" hits="1"></line>
						<line number="32" hits="1"></line>
						<line number="33" hits="1"></line>
						<line number="34" hits="1"></line>
						<line number="35" hits="1"></line>
						<line number="38" hits="1"></line>
						<line number="39" hits="1"></line>
						<line number="40" hits="1"></line>
						<line number="41" hits="0"></line>
						<line number="42" hits="0"></line>
						<line number="43" hits="0"></line>
						<line number="45" hits="1"></line>
					</lines>
				</class>
				<class name="-" filename="github.com/getwagz/drs-sdk/orders.go" line-rate="0.75555557" branch-rate="0" complexity="0">
					<methods>
						<method name="CancelTestOrder" signature="" line-rate="0.84210527" branch-rate="0" complexity="0">
							<lines>
								<line number="25" hits="1"></line>
								<line number="26" hits="1"></line>
								<line number="27" hits="1"></line>
								<line number="28" hits="1"></line>
								<line number="29" hits="1"></line>
								<line number="30" hits="1"></line>
								<line number="31" hits="1"></line>
								<line number="32" hits="1"></line>
								<line number="33" hits="1"></line>
								<line number="35" hits="1"></line>
								<line number="36" hits="1"></line>
								<line number="37" hits="1"></line>
								<line number="38" hits="1"></line>
								<line number="40" hits="1"></line>
								<line number="41" hits="1"></line>
								<line number="42" hits="0"></line>
								<line number="43" hits="0"></line>
								<line number="44" hits="0"></line>
								<line number="46" hits="1"></line>
							</lines>
						</method>
						<method name="GetOrderInfo" signature="" line-rate="0.6923077" branch-rate="0" complexity="0">
							<lines>
								<line number="65" hits="1"></line>
								<line number="66" hits="1"></line>
								<line number="67" hits="1"></line>
								<line number="68" hits="1"></line>
								<line number="69" hits="1"></line>
								<line number="70" hits="1"></line>
								<line number="71" hits="1"></line>
								<line number="72" hits="1"></line>
								<line number="73" hits="1"></line>
								<line number="74" hits="1"></line>
								<line number="75" hits="1"></line>
								<line number="76" hits="1"></line>
								<line number="77" hits="1"></line>
								<line number="79" hits="1"></line>
								<line number="80" hits="1"></line>
								<line number="81" hits="0"></line>
								<line number="82" hits="0"></line>
								<line number="83" hits="0"></line>
								<line number="84" hits="0"></line>
								<line number="85" hits="0"></line>
								<line number="86" hits="0"></line>
								<line number="87" hits="0"></line>
								<line number="88" hits="0"></line>
								<line number="89" hits="1"></line>
								<line number="90" hits="1"></line>
								<line number="91" hits="1"></line>
							</lines>
						</method>
					</methods>
					<lines>
						<line number="25" hits="1"></line>
						<line number="26" hits="1"></line>
						<line number="27" hits="1"></line>
						<line number="28" hits="1"></line>
						<line number="29" hits="1"></line>
						<line number="30" hits="1"></line>
						<line number="31" hits="1"></line>
						<line number="32" hits="1"></line>
						<line number="33" hits="1"></line>
						<line number="35" hits="1"></line>
						<line number="36" hits="1"></line>
						<line number="37" hits="1"></line>
						<line number="38" hits="1"></line>
						<line number="40" hits="1"></line>
						<line number="41" hits="1"></line>
						<line number="42" hits="0"></line>
						<line number="43" hits="0"></line>
						<line number="44" hits="0"></line>
						<line number="46" hits="1"></line>
						<line number="65" hits="1"></line>
						<line number="66" hits="1"></line>
						<line number="67" hits="1"></line>
						<line number="68" hits="1"></line>
						<line number="69" hits="1"></line>
						<line number="70" hits="1"></line>
						<line number="71" hits="1"></line>
						<line number="72" hits="1"></line>
						<line number="73" hits="1"></line>
						<line number="74" hits="1"></line>
						<line number="75" hits="1"></line>
						<line number="76" hits="1"></line>
						<line number="77" hits="1"></line>
						<line number="79" hits="1"></line>
						<line number="80" hits="1"></line>
						<line number="81" hits="0"></line>
						<line number="82" hits="0"></line>
						<line number="83" hits="0"></line>
						<line number="84" hits="0"></line>
						<line number="85" hits="0"></line>
						<line number="86" hits="0"></line>
						<line number="87" hits="0"></line>
						<line number="88" hits="0"></line>
						<line number="89" hits="1"></line>
						<line number="90" hits="1"></line>
						<line number="91" hits="1"></line>
					</lines>
				</class>
				<class name="-" filename="github.com/getwagz/drs-sdk/replenish.go" line-rate="0.6666667" branch-rate="0" complexity="0">
					<methods>
						<method name="ReplenishSlot" signature="" line-rate="0.6666667" branch-rate="0" complexity="0">
							<lines>
								<line number="17" hits="1"></line>
								<line number="18" hits="1"></line>
								<line number="19" hits="1"></line>
								<line number="20" hits="1"></line>
								<line number="21" hits="1"></line>
								<line number="22" hits="1"></line>
								<line number="23" hits="1"></line>
								<line number="24" hits="1"></line>
								<line number="25" hits="1"></line>
								<line number="27" hits="1"></line>
								<line number="28" hits="1"></line>
								<line number="29" hits="1"></line>
								<line number="30" hits="1"></line>
								<line number="32" hits="1"></line>
								<line number="33" hits="1"></line>
								<line number="34" hits="0"></line>
								<line number="35" hits="0"></line>
								<line number="36" hits="0"></line>
								<line number="37" hits="0"></line>
								<line number="38" hits="0"></line>
								<line number="39" hits="0"></line>
								<line number="40" hits="0"></line>
								<line number="41" hits="0"></line>
								<line number="42" hits="1"></line>
							</lines>
						</method>
					</methods>
					<lines>
						<line number="17" hits="1"></line>
						<line number="18" hits="1"></line>
						<line number="19" hits="1"></line>
						<line number="20" hits="1"></line>
						<line number="21" hits="1"></line>
						<line number="22" hits="1"></line>
						<line number="23" hits="1"></line>
						<line number="24" hits="1"></line>
						<line number="25" hits="1"></line>
						<line number="27" hits="1"></line>
						<line number="28" hits="1"></line>
						<line number="29" hits="1"></line>
						<line number="30" hits="1"></line>
						<line number="32" hits="1"></line>
						<line number="33" hits="1"></line>
						<line number="34" hits="0"></line>
						<line number="35" hits="0"></line>
						<line number="36" hits="0"></line>
						<line number="37" hits="0"></line>
						<line number="38" hits="0"></line>
						<line number="39" hits="0"></line>
						<line number="40" hits="0"></line>
						<line number="41" hits="0"></line>
						<line number="42" hits="1"></line>
					</lines>
				</class>
				<class name="-" filename="github.com/getwagz/drs-sdk/slot.go" line-rate="1" branch-rate="0" complexity="0">
					<methods>
						<method name="ReportSlotStatus" signature="" line-rate="1" branch-rate="0" complexity="0">
							<lines>
								<line number="31" hits="1"></line>
								<line number="32" hits="1"></line>
								<line number="33" hits="1"></line>
								<line number="34" hits="1"></line>
								<line number="35" hits="1"></line>
								<line number="36" hits="1"></line>
								<line number="37" hits="1"></line>
								<line number="38" hits="1"></line>
								<line number="39" hits="1"></line>
								<line number="41" hits="1"></line>
								<line number="42" hits="1"></line>
								<line number="43" hits="1"></line>
								<line number="44" hits="1"></line>
								<line number="45" hits="1"></line>
								<line number="46" hits="1"></line>
								<line number="47" hits="1"></line>
								<line number="48" hits="1"></line>
								<line number="49" hits="1"></line>
								<line number="50" hits="1"></line>
								<line number="51" hits="1"></line>
								<line number="52" hits="1"></line>
								<line number="53" hits="1"></line>
								<line number="54" hits="1"></line>
								<line number="55" hits="1"></line>
								<line number="56" hits="1"></line>
								<line number="57" hits="1"></line>
								<line number="58" hits="1"></line>
								<line number="59" hits="1"></line>
								<line number="60" hits="1"></line>
								<line number="61" hits="1"></line>
								<line number="62" hits="1"></line>
								<line number="63" hits="1"></line>
								<line number="64" hits="1"></line>
								<line number="65" hits="1"></line>
								<line number="66" hits="1"></line>
								<line number="68" hits="1"></line>
							</lines>
						</method>
					</methods>
					<lines>
						<line number="31" hits="1"></line>
						<line number="32" hits="1"></line>
						<line number="33" hits="1"></line>
						<line number="34" hits="1"></line>
						<line number="35" hits="1"></line>
						<line number="36" hits="1"></line>
						<line number="37" hits="1"></line>
						<line number="38" hits="1"></line>
						<line number="39" hits="1"></line>
						<line number="41" hits="1"></line>
						<line number="42" hits="1"></line>
						<line number="43" hits="1"></line>
						<line number="44" hits="1"></line>
						<line number="45" hits="1"></line>
						<line number="46" hits="1"></line>
						<line number="47" hits="1"></line>
						<line number="48" hits="1"></line>
						<line number="49" hits="1"></line>
						<line number="50" hits="1"></line>
						<line number="51" hits="1"></line>
						<line number="52" hits="1"></line>
						<line number="53" hits="1"></line>
						<line number="54" hits="1"></line>
						<line number="55" hits="1"></line>
						<line number="56" hits="1"></line>
						<line number="57" hits="1"></line>
						<line number="58" hits="1"></line>
						<line number="59" hits="1"></line>
						<line number="60" hits="1"></line>
						<line number="61" hits="1"></line>
						<line number="62" hits="1"></line>
						<line number="63" hits="1"></line>
						<line number="64" hits="1"></line>
						<line number="65" hits="1"></line>
						<line number="66" hits="1"></line>
						<line number="68" hits="1"></line>
					</lines>
				</class>
				<class name="-" filename="github.com/getwagz/drs-sdk/subscriptionInfo.go" line-rate="0.7419355" branch-rate="0" complexity="0">
					<methods>
						<method name="GetSubscriptionInfo" signature="" line-rate="0.7419355" branch-rate="0" complexity="0">
							<lines>
								<line number="30" hits="1"></line>
								<line number="31" hits="1"></line>
								<line number="32" hits="1"></line>
								<line number="33" hits="1"></line>
								<line number="34" hits="1"></line>
								<line number="35" hits="1"></line>
								<line number="36" hits="1"></line>
								<line number="37" hits="1"></line>
								<line number="38" hits="1"></line>
								<line number="40" hits="1"></line>
								<line number="41" hits="1"></line>
								<line number="42" hits="1"></line>
								<line number="43" hits="1"></line>
								<line number="44" hits="1"></line>
								<line number="45" hits="1"></line>
								<line number="46" hits="1"></line>
								<line number="47" hits="1"></line>
								<line number="49" hits="1"></line>
								<line number="50" hits="1"></line>
								<line number="51" hits="1"></line>
								<line number="52" hits="1"></line>
								<line number="53" hits="0"></line>
								<line number="54" hits="0"></line>
								<line number="55" hits="0"></line>
								<line number="56" hits="0"></line>
								<line number="57" hits="0"></line>
								<line number="58" hits="0"></line>
								<line number="59" hits="0"></line>
								<line number="60" hits="0"></line>
								<line number="62" hits="1"></line>
								<line number="64" hits="1"></line>
							</lines>
						</method>
					</methods>
					<lines>
						<line number="30" hits="1"></line>
						<line number="31" hits="1"></line>
						<line number="32" hits="1"></line>
						<line number="33" hits="1"></line>
						<line number="34" hits="1"></line>
						<line number="35" hits="1"></line>
						<line number="36" hits="1"></line>
						<line number="37" hits="1"></line>
						<line number="38" hits="1"></line>
						<line number="40" hits="1"></line>
						<line number="41" hits="1"></line>
						<line number="42" hits="1"></line>
						<line number="43" hits="1"></line>
						<line number="44" hits="1"></line>
						<line number="45" hits="1"></line>
						<line number="46" hits="1"></line>
						<line number="47" hits="1"></line>
						<line number="49" hits="1"></line>
						<line number="50" hits="1"></line>
						<line number="51" hits="1"></line>
						<line number="52" hits="1"></line>
						<line number="53" hits="0"></line>
						<line number="54" hits="0"></line>
						<line number="55" hits="0"></line>
						<line number="56" hits="0"></line>
						<line number="57" hits="0"></line>
						<line number="58" hits="0"></line>
						<line number="59" hits="0"></line>
						<line number="60" hits="0"></line>
						<line number="62" hits="1"></line>
						<line number="64" hits="1"></line>
					</lines>
				</class>
			</classes>
		</package>
	</packages>
</coverage>
